<?xml version="1.0" encoding="UTF-8"?>
<!-- Generated by org.testng.reporters.JUnitReportReporter -->
<testsuite skipped="0" hostname="Mustafas-MacBook-Pro.local" name="com.datadriven.framework.test.LoginTest.LoginTest$loginTest" tests="3" failures="0" timestamp="2020-03-12T11:34:27 EDT" time="39.604" errors="0">
  <testcase name="testOne" time="9.045" classname="com.datadriven.framework.test.LoginTest.LoginTest$loginTest"/>
  <testcase name="testOne" time="9.925" classname="com.datadriven.framework.test.LoginTest.LoginTest$loginTest"/>
  <testcase name="testOne" time="20.634" classname="com.datadriven.framework.test.LoginTest.LoginTest$loginTest"/>
</testsuite> <!-- com.datadriven.framework.test.LoginTest.LoginTest$loginTest -->
